<!DOCTYPE html>
<html>
<head>
    <title>Cart Tests</title>
    <meta charset="utf-8">
    <meta name="viewport" content="width=device-width, initial-scale=1.0">
    <link rel="stylesheet" href="https://maxcdn.bootstrapcdn.com/bootstrap/3.3.6/css/bootstrap.min.css" integrity="sha384-1q8mTJOASx8j1Au+a5WDVnPi2lkFfwwEAa8hDDdjZlpLegxhjVME1fgjWPGmkzs7" crossorigin="anonymous">
</head>
<body>
    <div class="container">
        <div class="row">
            <div class="col-xs-12">
                <h2 class="text-capitalize">Cart Tests</h2>
                <p class='attribute'><strong>Start Time: </strong>2024-05-14 16:32:14</p>
                <p class='attribute'><strong>Duration: </strong>28.80 s</p>
                <p class='attribute'><strong>Summary: </strong>Total: 1, Pass: 0, Error: 1</p>
            </div>
        </div>
        <div class="row">
            <div class="col-xs-12 col-sm-10 col-md-10">
                <table class='table table-hover table-responsive'>
                    <thead>
                        <tr>
                            <th>CartTests.test_Cart.UnitTestsCart</th>
                            <th>Status</th>
                            <th></th>
                        </tr>
                    </thead>
                    <tbody>
                        <tr class='warning'>
                            <td class="col-xs-10">test_decQty</td>
                            <td class="col-xs-1">
                                <span class="label label-warning" style="display:block;width:40px;">Error</span>
                            </td>
                            <td class="col-xs-1">
                                <button class="btn btn-default btn-xs">View</button>
                            </td>
                        </tr>
                        <tr style="display:none;">
                            <td class="col-xs-9" colspan="3"><p style="color:maroon;">NoSuchElementException: Message: no such element: Unable to locate element: {"method":"css selector","selector":"td.mat-mdc-cell.mat-column-quantity > div > div:nth-child(1) > button"}
  (Session info: chrome=124.0.6367.202); For documentation on this error, please visit: https://www.selenium.dev/documentation/webdriver/troubleshooting/errors#no-such-element-exception
Stacktrace:
0   chromedriver                        0x0000000100f868cc chromedriver + 4368588
1   chromedriver                        0x0000000100f7ed60 chromedriver + 4336992
2   chromedriver                        0x0000000100ba2c04 chromedriver + 289796
3   chromedriver                        0x0000000100be4e00 chromedriver + 560640
4   chromedriver                        0x0000000100c1d5ec chromedriver + 792044
5   chromedriver                        0x0000000100bd9ab4 chromedriver + 514740
6   chromedriver                        0x0000000100bda50c chromedriver + 517388
7   chromedriver                        0x0000000100f4ade8 chromedriver + 4124136
8   chromedriver                        0x0000000100f4fbd8 chromedriver + 4144088
9   chromedriver                        0x0000000100f307b0 chromedriver + 4016048
10  chromedriver                        0x0000000100f50508 chromedriver + 4146440
11  chromedriver                        0x0000000100f22264 chromedriver + 3957348
12  chromedriver                        0x0000000100f6fe50 chromedriver + 4275792
13  chromedriver                        0x0000000100f6ffcc chromedriver + 4276172
14  chromedriver                        0x0000000100f7e9c0 chromedriver + 4336064
15  libsystem_pthread.dylib             0x000000019d99af94 _pthread_start + 136
16  libsystem_pthread.dylib             0x000000019d995d34 thread_start + 8
</p><p style="color:maroon;">Traceback (most recent call last):
  File "/Users/faheem/Desktop/Book-Cart-App-Testing-Framework/CartTests/test_Cart.py", line 113, in test_decQty
    cart.DecQty(self.driver)
  File "/Users/faheem/Desktop/Book-Cart-App-Testing-Framework/BookStorePage/page.py", line 121, in DecQty
    driver.driver.find_element(By.CSS_SELECTOR,"td.mat-mdc-cell.mat-column-quantity > div > div:nth-child(1) > button").click()
    ^^^^^^^^^^^^^^^^^^^^^^^^^^^^^^^^^^^^^^^^^^^^^^^^^^^^^^^^^^^^^^^^^^^^^^^^^^^^^^^^^^^^^^^^^^^^^^^^^^^^^^^^^^^^^^^^^^^
  File "/Library/Frameworks/Python.framework/Versions/3.11/lib/python3.11/site-packages/selenium/webdriver/remote/webdriver.py", line 741, in find_element
    return self.execute(Command.FIND_ELEMENT, {"using": by, "value": value})["value"]
           ^^^^^^^^^^^^^^^^^^^^^^^^^^^^^^^^^^^^^^^^^^^^^^^^^^^^^^^^^^^^^^^^^
  File "/Library/Frameworks/Python.framework/Versions/3.11/lib/python3.11/site-packages/selenium/webdriver/remote/webdriver.py", line 347, in execute
    self.error_handler.check_response(response)
  File "/Library/Frameworks/Python.framework/Versions/3.11/lib/python3.11/site-packages/selenium/webdriver/remote/errorhandler.py", line 229, in check_response
    raise exception_class(message, screen, stacktrace)
selenium.common.exceptions.NoSuchElementException: Message: no such element: Unable to locate element: {"method":"css selector","selector":"td.mat-mdc-cell.mat-column-quantity > div > div:nth-child(1) > button"}
  (Session info: chrome=124.0.6367.202); For documentation on this error, please visit: https://www.selenium.dev/documentation/webdriver/troubleshooting/errors#no-such-element-exception
Stacktrace:
0   chromedriver                        0x0000000100f868cc chromedriver + 4368588
1   chromedriver                        0x0000000100f7ed60 chromedriver + 4336992
2   chromedriver                        0x0000000100ba2c04 chromedriver + 289796
3   chromedriver                        0x0000000100be4e00 chromedriver + 560640
4   chromedriver                        0x0000000100c1d5ec chromedriver + 792044
5   chromedriver                        0x0000000100bd9ab4 chromedriver + 514740
6   chromedriver                        0x0000000100bda50c chromedriver + 517388
7   chromedriver                        0x0000000100f4ade8 chromedriver + 4124136
8   chromedriver                        0x0000000100f4fbd8 chromedriver + 4144088
9   chromedriver                        0x0000000100f307b0 chromedriver + 4016048
10  chromedriver                        0x0000000100f50508 chromedriver + 4146440
11  chromedriver                        0x0000000100f22264 chromedriver + 3957348
12  chromedriver                        0x0000000100f6fe50 chromedriver + 4275792
13  chromedriver                        0x0000000100f6ffcc chromedriver + 4276172
14  chromedriver                        0x0000000100f7e9c0 chromedriver + 4336064
15  libsystem_pthread.dylib             0x000000019d99af94 _pthread_start + 136
16  libsystem_pthread.dylib             0x000000019d995d34 thread_start + 8

</p>
                            </td>
                        </tr>
                        <tr>
                            <td colspan="3">
                                Total: 1, Pass: 0, Error: 1 -- Duration: 28.80 s
                            </td>
                        </tr>
                    </tbody>
                </table>
            </div>
        </div>
    </div>
    <script src="https://ajax.googleapis.com/ajax/libs/jquery/2.2.4/jquery.min.js"></script>
    <script type="text/javascript">
        $(document).ready(function(){
            $('td').on('click', '.btn', function(e){
                e.preventDefault();
                e.stopImmediatePropagation();
                var $this = $(this);
                var $nextRow = $this.closest('tr').next('tr');
                $nextRow.slideToggle("fast");
                $this.text(function(i, text){
                    if (text === 'View') {
                        return 'Hide';
                    } else {
                        return 'View';
                    };
                });
            });
        });
    </script>
</body>
</html